<?xml version="1.0" encoding="UTF-8"?>
<testsuite xmlns:xsi="http://www.w3.org/2001/XMLSchema-instance" xsi:noNamespaceSchemaLocation="https://maven.apache.org/surefire/maven-surefire-plugin/xsd/surefire-test-report.xsd" version="3.0.2" name="com.datashare.backend.integration.AuthIntegrationTest" time="1.96" tests="4" errors="0" skipped="0" failures="0" flakes="0">
  <properties>
[...]
</properties>
  <testcase name="loginShouldRejectInvalidPassword" classname="com.datashare.backend.integration.AuthIntegrationTest" time="0.882">
    <system-out><![CDATA[2026-09-14T10:54:34.784+02:00  INFO 373619 --- [backend] [           main] t.c.s.AnnotationConfigContextLoaderUtils : Could not detect default configuration classes for test class [com.datashare.backend.integration.AuthIntegrationTest]: AuthIntegrationTest does not declare any static, non-private, non-final, nested classes annotated with @Configuration.
2026-09-14T10:54:34.797+02:00  INFO 373619 --- [backend] [           main] .b.t.c.SpringBootTestContextBootstrapper : Found @SpringBootConfiguration com.datashare.backend.BackendApplication for test class com.datashare.backend.integration.AuthIntegrationTest
2026-09-14T10:54:34.798+02:00  INFO 373619 --- [backend] [           main] t.c.s.AnnotationConfigContextLoaderUtils : Could not detect default configuration classes for test class [com.datashare.backend.integration.AuthIntegrationTest]: AuthIntegrationTest does not declare any static, non-private, non-final, nested classes annotated with @Configuration.
2026-09-14T10:54:34.801+02:00  INFO 373619 --- [backend] [           main] .b.t.c.SpringBootTestContextBootstrapper : Found @SpringBootConfiguration com.datashare.backend.BackendApplication for test class com.datashare.backend.integration.AuthIntegrationTest

  .   ____          _            __ _ _
 /\\ / ___'_ __ _ _(_)_ __  __ _ \ \ \ \
( ( )\___ | '_ | '_| | '_ \/ _` | \ \ \ \
 \\/  ___)| |_)| | | | | || (_| |  ) ) ) )
  '  |____| .__|_| |_|_| |_\__, | / / / /
 =========|_|==============|___/=/_/_/_/

 :: Spring Boot ::                (v4.1.1)

2026-09-14T10:54:34.831+02:00  INFO 373619 --- [backend] [           main] c.d.b.integration.AuthIntegrationTest    : Starting AuthIntegrationTest using Java 21.0.12.1 with PID 373619 (started by abdoumessabih in /home/abdoumessabih/Projets/DataShare/backend)
2026-09-14T10:54:34.831+02:00  INFO 373619 --- [backend] [           main] c.d.b.integration.AuthIntegrationTest    : No active profile set, falling back to 1 default profile: "default"
2026-09-14T10:54:34.983+02:00  INFO 373619 --- [backend] [           main] .s.d.r.c.RepositoryConfigurationDelegate : Bootstrapping Spring Data JPA repositories in DEFAULT mode.
2026-09-14T10:54:34.991+02:00  INFO 373619 --- [backend] [           main] .s.d.r.c.RepositoryConfigurationDelegate : Finished Spring Data repository scanning in 6 ms. Found 2 JPA repository interfaces.
2026-09-14T10:54:35.096+02:00  INFO 373619 --- [backend] [           main] org.hibernate.orm.jpa                    : HHH008540: Processing PersistenceUnitInfo [name: default]
2026-09-14T10:54:35.113+02:00  INFO 373619 --- [backend] [           main] o.s.o.j.p.SpringPersistenceUnitInfo      : No LoadTimeWeaver setup: ignoring JPA class transformer
2026-09-14T10:54:35.114+02:00  INFO 373619 --- [backend] [           main] com.zaxxer.hikari.HikariDataSource       : HikariPool-2 - Starting...
2026-09-14T10:54:35.124+02:00  INFO 373619 --- [backend] [           main] com.zaxxer.hikari.pool.HikariPool        : HikariPool-2 - Added connection org.postgresql.jdbc.PgConnection@623732ac
2026-09-14T10:54:35.125+02:00  INFO 373619 --- [backend] [           main] com.zaxxer.hikari.HikariDataSource       : HikariPool-2 - Start completed.
2026-09-14T10:54:35.132+02:00  INFO 373619 --- [backend] [           main] org.hibernate.orm.connections.pooling    : HHH10001005: Database info:
	Database JDBC URL [jdbc:postgresql://localhost:5432/datashare]
	Database driver: PostgreSQL JDBC Driver
	Database dialect: PostgreSQLDialect
	Database version: 18.6
	Default catalog/schema: datashare/public
	Autocommit mode: undefined/unknown
	Isolation level: READ_COMMITTED [default READ_COMMITTED]
	JDBC fetch size: none
	Pool: DataSourceConnectionProvider
	Minimum pool size: undefined/unknown
	Maximum pool size: undefined/unknown
2026-09-14T10:54:35.169+02:00  INFO 373619 --- [backend] [           main] org.hibernate.orm.core                   : HHH000489: No JTA platform available (set 'hibernate.transaction.jta.platform' to enable JTA platform integration)
2026-09-14T10:54:35.191+02:00  INFO 373619 --- [backend] [           main] j.LocalContainerEntityManagerFactoryBean : Initialized JPA EntityManagerFactory for persistence unit 'default'
2026-09-14T10:54:35.242+02:00  WARN 373619 --- [backend] [           main] JpaBaseConfiguration$JpaWebConfiguration : spring.jpa.open-in-view is enabled by default. Therefore, database queries may be performed during view rendering. Explicitly configure spring.jpa.open-in-view to disable this warning
2026-09-14T10:54:35.272+02:00  WARN 373619 --- [backend] [           main] .s.a.UserDetailsServiceAutoConfiguration : 

Using generated security password: a486b500-91db-4a2e-8084-60fe227c7ae8

This generated password is for development use only. Your security configuration must be updated before running your application in production.

2026-09-14T10:54:35.273+02:00  INFO 373619 --- [backend] [           main] r$InitializeUserDetailsManagerConfigurer : Global AuthenticationManager configured with UserDetailsService bean with name inMemoryUserDetailsManager
2026-09-14T10:54:35.419+02:00  INFO 373619 --- [backend] [           main] o.s.b.t.m.w.SpringBootMockServletContext : Initializing Spring TestDispatcherServlet ''
2026-09-14T10:54:35.420+02:00  INFO 373619 --- [backend] [           main] o.s.t.web.servlet.TestDispatcherServlet  : Initializing Servlet ''
2026-09-14T10:54:35.423+02:00  INFO 373619 --- [backend] [           main] o.s.t.web.servlet.TestDispatcherServlet  : Completed initialization in 2 ms
2026-09-14T10:54:35.452+02:00  INFO 373619 --- [backend] [           main] c.d.b.integration.AuthIntegrationTest    : Started AuthIntegrationTest in 0.645 seconds (process running for 5.954)
]]></system-out>
  </testcase>
  <testcase name="registerShouldRejectDuplicateEmail" classname="com.datashare.backend.integration.AuthIntegrationTest" time="0.063"/>
  <testcase name="registerShouldCreateUser" classname="com.datashare.backend.integration.AuthIntegrationTest" time="0.063"/>
  <testcase name="loginShouldSucceedWithValidCredentials" classname="com.datashare.backend.integration.AuthIntegrationTest" time="0.273"/>
</testsuite>